#
# A fatal error has been detected by the Java Runtime Environment:
#
#  SIGSEGV (0xb) at pc=0x000000010e646908, pid=3159, tid=16899
#
# JRE version: Java(TM) SE Runtime Environment (8.0_65-b17) (build 1.8.0_65-b17)
# Java VM: Java HotSpot(TM) 64-Bit Server VM (25.65-b01 mixed mode bsd-amd64 compressed oops)
# Problematic frame:
# V  [libjvm.dylib+0x446908]
#
# Failed to write core dump. Core dumps have been disabled. To enable core dumping, try "ulimit -c unlimited" before starting Java again
#
# If you would like to submit a bug report, please visit:
#   http://bugreport.java.com/bugreport/crash.jsp
#

---------------  T H R E A D  ---------------

Current thread (0x00007fc376834800):  JavaThread "JDWP Transport Listener: dt_socket" daemon [_thread_in_vm, id=16899, stack(0x000070000baaf000,0x000070000bbaf000)]

siginfo: si_signo: 11 (SIGSEGV), si_code: 0 (unknown), si_addr: 0x0000000000000000

Registers:
RAX=0x0000000000000001, RBX=0x000070000bbaea8b, RCX=0x000000010ea15310, RDX=0x000070000bbaea8b
RSP=0x000070000bbae9d0, RBP=0x000070000bbae9e0, RSI=0x00007fc376834800, RDI=0x7265746164705564
R8 =0x0000000000000005, R9 =0x0000000000000000, R10=0x0000000000000001, R11=0x0000000000000006
R12=0x00007fc376834800, R13=0x7265746164705564, R14=0x7265746164705564, R15=0x00007fc375601ba0
RIP=0x000000010e646908, EFLAGS=0x0000000000010202, ERR=0x0000000000000000
  TRAPNO=0x000000000000000d

Top of Stack: (sp=0x000070000bbae9d0)
0x000070000bbae9d0:   000070000bbaea8b 000070000bbaea8b
0x000070000bbae9e0:   000070000bbaea40 000000010e555a02
0x000070000bbae9f0:   00007fc376834800 0000000000000000
0x000070000bbaea00:   0000000000000000 0000000000000000
0x000070000bbaea10:   00007fc376834800 00007fc376834800
0x000070000bbaea20:   000070000bbaea8b 000070000bbaea90
0x000070000bbaea30:   7265746164705564 0000000000000006
0x000070000bbaea40:   000070000bbaea60 000000010f1a9780
0x000070000bbaea50:   0000000000000001 000070000bbaeb08
0x000070000bbaea60:   000070000bbaead0 000000010f18e1f3
0x000070000bbaea70:   000070000bbaeaa0 00007fc375535270
0x000070000bbaea80:   0000001200000032 0000000100baeb08
0x000070000bbaea90:   0000000000000000 0000000000000000
0x000070000bbaeaa0:   0000000000000000 000070000bbaec90
0x000070000bbaeab0:   000000010f1b0e7a 00007fc37552c830
0x000070000bbaeac0:   000070000bbaeb08 000000010f1bc598
0x000070000bbaead0:   000070000bbaeae0 000000010f18e2ec
0x000070000bbaeae0:   000070000bbaed00 000000010f197898
0x000070000bbaeaf0:   0000151500000013 00000000000f0200
0x000070000bbaeb00:   00007fc37551ac50 00007fc37552b591
0x000070000bbaeb10:   00007fc300000177 00007fc375535430
0x000070000bbaeb20:   00007fc30000012c 000070000bbaeb58
0x000070000bbaeb30:   00007fc375535430 0000000000000000
0x000070000bbaeb40:   000015150000001c 00007fc300005880
0x000070000bbaeb50:   000070000bbaeb58 c37f000012000000
0x000070000bbaeb60:   06000000c0e95275 00003e74696e693c
0x000070000bbaeb70:   6176616a4c281300 694c2f6c6974752f
0x000070000bbaeb80:   00000056293b7473 2f6176616a4c2820
0x000070000bbaeb90:   73694c2f6c697475 2f656d61674c3c74
0x000070000bbaeba0:   293b3e3b64726143 7f00000100000056
0x000070000bbaebb0:   000000b0d76275c3 647261437465670d
0x000070000bbaebc0:   00007365756c6156 76616a4c29281200 

Instructions: (pc=0x000000010e646908)
0x000000010e6468e8:   40 48 48 85 c0 75 e0 30 c0 0f b6 c0 5d c3 31 c0
0x000000010e6468f8:   5d c3 55 48 89 e5 53 48 83 ec 08 48 85 ff 74 24
0x000000010e646908:   48 8b 1f 48 85 db 74 1c 48 83 fb 37 74 16 48 8b
0x000000010e646918:   03 48 89 df ff 50 10 84 c0 b8 00 00 00 00 48 0f 

Register to memory mapping:

RAX=0x0000000000000001 is an unknown value
RBX=0x000070000bbaea8b is pointing into the stack for thread: 0x00007fc376834800
RCX=0x000000010ea15310: UseMembar+0 in /Library/Java/JavaVirtualMachines/jdk1.8.0_65.jdk/Contents/Home/jre/lib/server/libjvm.dylib at 0x000000010e200000
RDX=0x000070000bbaea8b is pointing into the stack for thread: 0x00007fc376834800
RSP=0x000070000bbae9d0 is pointing into the stack for thread: 0x00007fc376834800
RBP=0x000070000bbae9e0 is pointing into the stack for thread: 0x00007fc376834800
RSI=0x00007fc376834800 is a thread
RDI=0x7265746164705564 is an unknown value
R8 =0x0000000000000005 is an unknown value
R9 =0x0000000000000000 is an unknown value
R10=0x0000000000000001 is an unknown value
R11=0x0000000000000006 is an unknown value
R12=0x00007fc376834800 is a thread
R13=0x7265746164705564 is an unknown value
R14=0x7265746164705564 is an unknown value
R15=0x00007fc375601ba0 is an unknown value


Stack: [0x000070000baaf000,0x000070000bbaf000],  sp=0x000070000bbae9d0,  free space=1022k
Native frames: (J=compiled Java code, j=interpreted, Vv=VM code, C=native code)
V  [libjvm.dylib+0x446908]
V  [libjvm.dylib+0x355a02]
C  [libjdwp.dylib+0x20780]  isMethodSynthetic+0x63
C  [libjdwp.dylib+0x51f3]  methods1+0x10b
C  [libjdwp.dylib+0x52ec]  methodsWithGeneric+0xe
C  [libjdwp.dylib+0xe898]  debugLoop_run+0x1ce
C  [libjdwp.dylib+0x1f6ba]  attachThread+0x4d
V  [libjvm.dylib+0x396d60]
V  [libjvm.dylib+0x5612d3]
V  [libjvm.dylib+0x5629ce]
V  [libjvm.dylib+0x48342e]
C  [libsystem_pthread.dylib+0x39af]  _pthread_body+0xb4
C  [libsystem_pthread.dylib+0x38fb]  _pthread_body+0x0
C  [libsystem_pthread.dylib+0x3101]  thread_start+0xd
C  0x0000000000000000


---------------  P R O C E S S  ---------------

Java Threads: ( => current thread )
  0x00007fc377028000 JavaThread "Service Thread" daemon [_thread_blocked, id=19971, stack(0x000070000c0c1000,0x000070000c1c1000)]
  0x00007fc375810000 JavaThread "C1 CompilerThread2" daemon [_thread_blocked, id=19459, stack(0x000070000bfbe000,0x000070000c0be000)]
  0x00007fc37580f000 JavaThread "C2 CompilerThread1" daemon [_thread_blocked, id=18947, stack(0x000070000bebb000,0x000070000bfbb000)]
  0x00007fc37580b800 JavaThread "C2 CompilerThread0" daemon [_thread_blocked, id=18435, stack(0x000070000bdb8000,0x000070000beb8000)]
  0x00007fc37683d000 JavaThread "JDWP Command Reader" daemon [_thread_in_native, id=17923, stack(0x000070000bcb5000,0x000070000bdb5000)]
  0x00007fc376835800 JavaThread "JDWP Event Helper Thread" daemon [_thread_blocked, id=17411, stack(0x000070000bbb2000,0x000070000bcb2000)]
=>0x00007fc376834800 JavaThread "JDWP Transport Listener: dt_socket" daemon [_thread_in_vm, id=16899, stack(0x000070000baaf000,0x000070000bbaf000)]
  0x00007fc377025000 JavaThread "Signal Dispatcher" daemon [_thread_blocked, id=16387, stack(0x000070000b9ac000,0x000070000baac000)]
  0x00007fc376018000 JavaThread "Finalizer" daemon [_thread_blocked, id=12547, stack(0x000070000b8a9000,0x000070000b9a9000)]
  0x00007fc376017000 JavaThread "Reference Handler" daemon [_thread_blocked, id=12035, stack(0x000070000b7a6000,0x000070000b8a6000)]
  0x00007fc376006800 JavaThread "main" [_thread_blocked, id=7171, stack(0x000070000b194000,0x000070000b294000)]

Other Threads:
  0x00007fc376014800 VMThread [stack: 0x000070000b6a3000,0x000070000b7a3000] [id=11523]
  0x00007fc375824000 WatcherThread [stack: 0x000070000c1c4000,0x000070000c2c4000] [id=20483]

VM state:not at safepoint (normal execution)

VM Mutex/Monitor currently owned by a thread: None

Heap:
 PSYoungGen      total 38400K, used 4660K [0x0000000795580000, 0x0000000798000000, 0x00000007c0000000)
  eden space 33280K, 14% used [0x0000000795580000,0x0000000795a0d078,0x0000000797600000)
  from space 5120K, 0% used [0x0000000797b00000,0x0000000797b00000,0x0000000798000000)
  to   space 5120K, 0% used [0x0000000797600000,0x0000000797600000,0x0000000797b00000)
 ParOldGen       total 87552K, used 0K [0x0000000740000000, 0x0000000745580000, 0x0000000795580000)
  object space 87552K, 0% used [0x0000000740000000,0x0000000740000000,0x0000000745580000)
 Metaspace       used 3978K, capacity 4828K, committed 4992K, reserved 1056768K
  class space    used 456K, capacity 548K, committed 640K, reserved 1048576K

Card table byte_map: [0x000000010f594000,0x000000010f995000] byte_map_base: 0x000000010bb94000

Marking Bits: (ParMarkBitMap*) 0x000000010eadee20
 Begin Bits: [0x00000001207c0000, 0x00000001227c0000)
 End Bits:   [0x00000001227c0000, 0x00000001247c0000)

Polling page: 0x000000010d9ca000

CodeCache: size=245760Kb used=1461Kb max_used=1461Kb free=244298Kb
 bounds [0x00000001117c0000, 0x0000000111a30000, 0x00000001207c0000]
 total_blobs=476 nmethods=224 adapters=174
 compilation: enabled

Compilation events (10 events):
Event: 0.238 Thread 0x00007fc375810000  222       3       java.lang.invoke.LambdaForm$MH/1729199940::identity_L (8 bytes)
Event: 0.238 Thread 0x00007fc375810000 nmethod 222 0x000000011192b450 code [0x000000011192b5c0, 0x000000011192b850]
Event: 0.238 Thread 0x00007fc375810000  219       3       java.lang.invoke.LambdaForm$MH/97730845::linkToTargetMethod (8 bytes)
Event: 0.238 Thread 0x00007fc375810000 nmethod 219 0x000000011192ae10 code [0x000000011192afa0, 0x000000011192b358]
Event: 0.238 Thread 0x00007fc375810000  220       1       java.util.stream.Collectors$CollectorImpl::characteristics (5 bytes)
Event: 0.238 Thread 0x00007fc375810000 nmethod 220 0x000000011192ab50 code [0x000000011192aca0, 0x000000011192adb0]
Event: 0.238 Thread 0x00007fc375810000  223       3       java.lang.ref.SoftReference::get (29 bytes)
Event: 0.238 Thread 0x00007fc375810000 nmethod 223 0x000000011192a750 code [0x000000011192a8c0, 0x000000011192aab0]
Event: 0.239 Thread 0x00007fc375810000  224       3       java.lang.invoke.MethodType::equals (29 bytes)
Event: 0.239 Thread 0x00007fc375810000 nmethod 224 0x000000011192d3d0 code [0x000000011192d560, 0x000000011192daa8]

GC Heap History (0 events):
No events

Deoptimization events (0 events):
No events

Internal exceptions (4 events):
Event: 0.046 Thread 0x00007fc376006800 Exception <a 'java/lang/NoSuchMethodError': Method sun.misc.Unsafe.defineClass(Ljava/lang/String;[BII)Ljava/lang/Class; name or signature does not match> (0x0000000795592d70) thrown at [/Users/java_re/workspace/8-2-build-macosx-x86_64/jdk8u65/4987/hotspot
Event: 0.046 Thread 0x00007fc376006800 Exception <a 'java/lang/NoSuchMethodError': Method sun.misc.Unsafe.prefetchRead(Ljava/lang/Object;J)V name or signature does not match> (0x0000000795593058) thrown at [/Users/java_re/workspace/8-2-build-macosx-x86_64/jdk8u65/4987/hotspot/src/share/vm/prim
Event: 0.195 Thread 0x00007fc376006800 Exception <a 'java/lang/NoSuchFieldError': method resolution failed> (0x00000007958cf9f0) thrown at [/Users/java_re/workspace/8-2-build-macosx-x86_64/jdk8u65/4987/hotspot/src/share/vm/prims/methodHandles.cpp, line 1146]
Event: 0.200 Thread 0x00007fc376006800 Exception <a 'java/lang/NoSuchFieldError': method resolution failed> (0x00000007958dcdf0) thrown at [/Users/java_re/workspace/8-2-build-macosx-x86_64/jdk8u65/4987/hotspot/src/share/vm/prims/methodHandles.cpp, line 1146]

Events (10 events):
Event: 215.307 Executing VM operation: GetCurrentLocation
Event: 215.307 Executing VM operation: GetCurrentLocation done
Event: 215.307 Executing VM operation: EnterInterpOnlyMode
Event: 215.307 Executing VM operation: EnterInterpOnlyMode done
Event: 215.307 Executing VM operation: ChangeSingleStep
Event: 215.307 Executing VM operation: ChangeSingleStep done
Event: 215.307 Executing VM operation: ChangeSingleStep
Event: 215.307 Executing VM operation: ChangeSingleStep done
Event: 215.311 Executing VM operation: RedefineClasses
Event: 215.313 Executing VM operation: RedefineClasses done


Dynamic libraries:
0x0000000039cb0000 	/System/Library/Frameworks/Cocoa.framework/Versions/A/Cocoa
0x0000000039cb0000 	/System/Library/Frameworks/Security.framework/Versions/A/Security
0x0000000039cb0000 	/System/Library/Frameworks/ApplicationServices.framework/Versions/A/ApplicationServices
0x0000000039cb0000 	/usr/lib/libz.1.dylib
0x0000000039cb0000 	/usr/lib/libSystem.B.dylib
0x0000000039cb0000 	/usr/lib/libobjc.A.dylib
0x0000000039cb0000 	/System/Library/Frameworks/CoreFoundation.framework/Versions/A/CoreFoundation
0x0000000039cb0000 	/System/Library/Frameworks/Foundation.framework/Versions/C/Foundation
0x0000000039cb0000 	/System/Library/Frameworks/AppKit.framework/Versions/C/AppKit
0x0000000039cb0000 	/System/Library/Frameworks/CoreData.framework/Versions/A/CoreData
0x0000000039cb0000 	/System/Library/PrivateFrameworks/RemoteViewServices.framework/Versions/A/RemoteViewServices
0x0000000039cb0000 	/System/Library/PrivateFrameworks/UIFoundation.framework/Versions/A/UIFoundation
0x0000000039cb0000 	/System/Library/PrivateFrameworks/DFRFoundation.framework/Versions/A/DFRFoundation
0x0000000039cb0000 	/usr/lib/libenergytrace.dylib
0x0000000039cb0000 	/System/Library/PrivateFrameworks/SkyLight.framework/Versions/A/SkyLight
0x0000000039cb0000 	/System/Library/Frameworks/CoreGraphics.framework/Versions/A/CoreGraphics
0x0000000039cb0000 	/usr/lib/libScreenReader.dylib
0x0000000039cb0000 	/System/Library/Frameworks/Accelerate.framework/Versions/A/Accelerate
0x0000000039cb0000 	/System/Library/Frameworks/IOSurface.framework/Versions/A/IOSurface
0x0000000039cb0000 	/System/Library/Frameworks/AudioToolbox.framework/Versions/A/AudioToolbox
0x0000000039cb0000 	/System/Library/Frameworks/AudioUnit.framework/Versions/A/AudioUnit
0x0000000039cb0000 	/System/Library/PrivateFrameworks/DataDetectorsCore.framework/Versions/A/DataDetectorsCore
0x0000000039cb0000 	/System/Library/PrivateFrameworks/DesktopServicesPriv.framework/Versions/A/DesktopServicesPriv
0x0000000039cb0000 	/System/Library/Frameworks/Carbon.framework/Versions/A/Frameworks/HIToolbox.framework/Versions/A/HIToolbox
0x0000000039cb0000 	/usr/lib/libicucore.A.dylib
0x0000000039cb0000 	/System/Library/Frameworks/QuartzCore.framework/Versions/A/QuartzCore
0x0000000039cb0000 	/System/Library/Frameworks/Carbon.framework/Versions/A/Frameworks/SpeechRecognition.framework/Versions/A/SpeechRecognition
0x0000000039cb0000 	/usr/lib/libauto.dylib
0x0000000039cb0000 	/usr/lib/libxml2.2.dylib
0x0000000039cb0000 	/System/Library/PrivateFrameworks/CoreUI.framework/Versions/A/CoreUI
0x0000000039cb0000 	/System/Library/Frameworks/CoreAudio.framework/Versions/A/CoreAudio
0x0000000039cb0000 	/System/Library/Frameworks/DiskArbitration.framework/Versions/A/DiskArbitration
0x0000000039cb0000 	/usr/lib/liblangid.dylib
0x0000000039cb0000 	/System/Library/PrivateFrameworks/MultitouchSupport.framework/Versions/A/MultitouchSupport
0x0000000039cb0000 	/System/Library/Frameworks/IOKit.framework/Versions/A/IOKit
0x0000000039cb0000 	/usr/lib/libDiagnosticMessagesClient.dylib
0x0000000039cb0000 	/System/Library/Frameworks/CoreServices.framework/Versions/A/CoreServices
0x0000000039cb0000 	/System/Library/PrivateFrameworks/PerformanceAnalysis.framework/Versions/A/PerformanceAnalysis
0x0000000039cb0000 	/System/Library/PrivateFrameworks/GenerationalStorage.framework/Versions/A/GenerationalStorage
0x0000000039cb0000 	/System/Library/Frameworks/OpenGL.framework/Versions/A/OpenGL
0x0000000039cb0000 	/System/Library/Frameworks/CoreImage.framework/Versions/A/CoreImage
0x0000000039cb0000 	/System/Library/Frameworks/CoreText.framework/Versions/A/CoreText
0x0000000039cb0000 	/System/Library/Frameworks/ImageIO.framework/Versions/A/ImageIO
0x0000000039cb0000 	/System/Library/PrivateFrameworks/Backup.framework/Versions/A/Backup
0x0000000039cb0000 	/usr/lib/libarchive.2.dylib
0x0000000039cb0000 	/System/Library/Frameworks/CFNetwork.framework/Versions/A/CFNetwork
0x0000000039cb0000 	/System/Library/Frameworks/SystemConfiguration.framework/Versions/A/SystemConfiguration
0x0000000039cb0000 	/usr/lib/libCRFSuite.dylib
0x0000000039cb0000 	/usr/lib/libc++.1.dylib
0x0000000039cb0000 	/usr/lib/libc++abi.dylib
0x0000000039cb0000 	/usr/lib/system/libcache.dylib
0x0000000039cb0000 	/usr/lib/system/libcommonCrypto.dylib
0x0000000039cb0000 	/usr/lib/system/libcompiler_rt.dylib
0x0000000039cb0000 	/usr/lib/system/libcopyfile.dylib
0x0000000039cb0000 	/usr/lib/system/libcorecrypto.dylib
0x0000000039cb0000 	/usr/lib/system/libdispatch.dylib
0x0000000039cb0000 	/usr/lib/system/libdyld.dylib
0x0000000039cb0000 	/usr/lib/system/libkeymgr.dylib
0x0000000039cb0000 	/usr/lib/system/liblaunch.dylib
0x0000000039cb0000 	/usr/lib/system/libmacho.dylib
0x0000000039cb0000 	/usr/lib/system/libquarantine.dylib
0x0000000039cb0000 	/usr/lib/system/libremovefile.dylib
0x0000000039cb0000 	/usr/lib/system/libsystem_asl.dylib
0x0000000039cb0000 	/usr/lib/system/libsystem_blocks.dylib
0x0000000039cb0000 	/usr/lib/system/libsystem_c.dylib
0x0000000039cb0000 	/usr/lib/system/libsystem_configuration.dylib
0x0000000039cb0000 	/usr/lib/system/libsystem_coreservices.dylib
0x0000000039cb0000 	/usr/lib/system/libsystem_coretls.dylib
0x0000000039cb0000 	/usr/lib/system/libsystem_dnssd.dylib
0x0000000039cb0000 	/usr/lib/system/libsystem_info.dylib
0x0000000039cb0000 	/usr/lib/system/libsystem_kernel.dylib
0x0000000039cb0000 	/usr/lib/system/libsystem_m.dylib
0x0000000039cb0000 	/usr/lib/system/libsystem_malloc.dylib
0x0000000039cb0000 	/usr/lib/system/libsystem_network.dylib
0x0000000039cb0000 	/usr/lib/system/libsystem_networkextension.dylib
0x0000000039cb0000 	/usr/lib/system/libsystem_notify.dylib
0x0000000039cb0000 	/usr/lib/system/libsystem_platform.dylib
0x0000000039cb0000 	/usr/lib/system/libsystem_pthread.dylib
0x0000000039cb0000 	/usr/lib/system/libsystem_sandbox.dylib
0x0000000039cb0000 	/usr/lib/system/libsystem_secinit.dylib
0x0000000039cb0000 	/usr/lib/system/libsystem_symptoms.dylib
0x0000000039cb0000 	/usr/lib/system/libsystem_trace.dylib
0x0000000039cb0000 	/usr/lib/system/libunwind.dylib
0x0000000039cb0000 	/usr/lib/system/libxpc.dylib
0x0000000039cb0000 	/usr/lib/libbsm.0.dylib
0x0000000039cb0000 	/usr/lib/system/libkxld.dylib
0x0000000039cb0000 	/usr/lib/libcoretls.dylib
0x0000000039cb0000 	/usr/lib/libcoretls_cfhelpers.dylib
0x0000000039cb0000 	/usr/lib/libOpenScriptingUtil.dylib
0x0000000039cb0000 	/usr/lib/libpam.2.dylib
0x0000000039cb0000 	/usr/lib/libsqlite3.dylib
0x0000000039cb0000 	/usr/lib/libxar.1.dylib
0x0000000039cb0000 	/usr/lib/libbz2.1.0.dylib
0x0000000039cb0000 	/usr/lib/liblzma.5.dylib
0x0000000039cb0000 	/usr/lib/libnetwork.dylib
0x0000000039cb0000 	/usr/lib/libpcap.A.dylib
0x0000000039cb0000 	/System/Library/Frameworks/CoreServices.framework/Versions/A/Frameworks/FSEvents.framework/Versions/A/FSEvents
0x0000000039cb0000 	/System/Library/Frameworks/CoreServices.framework/Versions/A/Frameworks/CarbonCore.framework/Versions/A/CarbonCore
0x0000000039cb0000 	/System/Library/Frameworks/CoreServices.framework/Versions/A/Frameworks/Metadata.framework/Versions/A/Metadata
0x0000000039cb0000 	/System/Library/Frameworks/CoreServices.framework/Versions/A/Frameworks/OSServices.framework/Versions/A/OSServices
0x0000000039cb0000 	/System/Library/Frameworks/CoreServices.framework/Versions/A/Frameworks/SearchKit.framework/Versions/A/SearchKit
0x0000000039cb0000 	/System/Library/Frameworks/CoreServices.framework/Versions/A/Frameworks/AE.framework/Versions/A/AE
0x0000000039cb0000 	/System/Library/Frameworks/CoreServices.framework/Versions/A/Frameworks/LaunchServices.framework/Versions/A/LaunchServices
0x0000000039cb0000 	/System/Library/Frameworks/CoreServices.framework/Versions/A/Frameworks/DictionaryServices.framework/Versions/A/DictionaryServices
0x0000000039cb0000 	/System/Library/Frameworks/CoreServices.framework/Versions/A/Frameworks/SharedFileList.framework/Versions/A/SharedFileList
0x0000000039cb0000 	/System/Library/Frameworks/NetFS.framework/Versions/A/NetFS
0x0000000039cb0000 	/System/Library/PrivateFrameworks/NetAuth.framework/Versions/A/NetAuth
0x0000000039cb0000 	/System/Library/PrivateFrameworks/login.framework/Versions/A/Frameworks/loginsupport.framework/Versions/A/loginsupport
0x0000000039cb0000 	/System/Library/PrivateFrameworks/TCC.framework/Versions/A/TCC
0x0000000039cb0000 	/usr/lib/libmecabra.dylib
0x0000000039cb0000 	/System/Library/Frameworks/ApplicationServices.framework/Versions/A/Frameworks/ATS.framework/Versions/A/ATS
0x0000000039cb0000 	/System/Library/Frameworks/ApplicationServices.framework/Versions/A/Frameworks/ColorSync.framework/Versions/A/ColorSync
0x0000000039cb0000 	/System/Library/Frameworks/ApplicationServices.framework/Versions/A/Frameworks/HIServices.framework/Versions/A/HIServices
0x0000000039cb0000 	/System/Library/Frameworks/ApplicationServices.framework/Versions/A/Frameworks/LangAnalysis.framework/Versions/A/LangAnalysis
0x0000000039cb0000 	/System/Library/Frameworks/ApplicationServices.framework/Versions/A/Frameworks/PrintCore.framework/Versions/A/PrintCore
0x0000000039cb0000 	/System/Library/Frameworks/ApplicationServices.framework/Versions/A/Frameworks/QD.framework/Versions/A/QD
0x0000000039cb0000 	/System/Library/Frameworks/ApplicationServices.framework/Versions/A/Frameworks/SpeechSynthesis.framework/Versions/A/SpeechSynthesis
0x0000000039cb0000 	/System/Library/Frameworks/Accelerate.framework/Versions/A/Frameworks/vImage.framework/Versions/A/vImage
0x0000000039cb0000 	/System/Library/Frameworks/Accelerate.framework/Versions/A/Frameworks/vecLib.framework/Versions/A/vecLib
0x0000000039cb0000 	/System/Library/Frameworks/Accelerate.framework/Versions/A/Frameworks/vecLib.framework/Versions/A/libvDSP.dylib
0x0000000039cb0000 	/System/Library/Frameworks/Accelerate.framework/Versions/A/Frameworks/vecLib.framework/Versions/A/libBNNS.dylib
0x0000000039cb0000 	/System/Library/Frameworks/Accelerate.framework/Versions/A/Frameworks/vecLib.framework/Versions/A/libQuadrature.dylib
0x0000000039cb0000 	/System/Library/Frameworks/Accelerate.framework/Versions/A/Frameworks/vecLib.framework/Versions/A/libvMisc.dylib
0x0000000039cb0000 	/System/Library/Frameworks/Accelerate.framework/Versions/A/Frameworks/vecLib.framework/Versions/A/libLAPACK.dylib
0x0000000039cb0000 	/System/Library/Frameworks/Accelerate.framework/Versions/A/Frameworks/vecLib.framework/Versions/A/libBLAS.dylib
0x0000000039cb0000 	/System/Library/Frameworks/Accelerate.framework/Versions/A/Frameworks/vecLib.framework/Versions/A/libLinearAlgebra.dylib
0x0000000039cb0000 	/System/Library/Frameworks/Accelerate.framework/Versions/A/Frameworks/vecLib.framework/Versions/A/libSparseBLAS.dylib
0x0000000039cb0000 	/System/Library/Frameworks/ApplicationServices.framework/Versions/A/Frameworks/ATS.framework/Versions/A/Resources/libFontParser.dylib
0x0000000039cb0000 	/System/Library/Frameworks/ApplicationServices.framework/Versions/A/Frameworks/ATS.framework/Versions/A/Resources/libFontRegistry.dylib
0x0000000039cb0000 	/System/Library/Frameworks/ImageIO.framework/Versions/A/Resources/libJPEG.dylib
0x0000000039cb0000 	/System/Library/Frameworks/ImageIO.framework/Versions/A/Resources/libTIFF.dylib
0x0000000039cb0000 	/System/Library/Frameworks/ImageIO.framework/Versions/A/Resources/libPng.dylib
0x0000000039cb0000 	/System/Library/Frameworks/ImageIO.framework/Versions/A/Resources/libGIF.dylib
0x0000000039cb0000 	/System/Library/Frameworks/ImageIO.framework/Versions/A/Resources/libJP2.dylib
0x0000000039cb0000 	/System/Library/Frameworks/ImageIO.framework/Versions/A/Resources/libRadiance.dylib
0x0000000039cb0000 	/usr/lib/libcompression.dylib
0x0000000039cb0000 	/System/Library/PrivateFrameworks/AppleJPEG.framework/Versions/A/AppleJPEG
0x0000000039cb0000 	/usr/lib/libcups.2.dylib
0x0000000039cb0000 	/System/Library/Frameworks/Kerberos.framework/Versions/A/Kerberos
0x0000000039cb0000 	/System/Library/Frameworks/GSS.framework/Versions/A/GSS
0x0000000039cb0000 	/usr/lib/libresolv.9.dylib
0x0000000039cb0000 	/usr/lib/libiconv.2.dylib
0x0000000039cb0000 	/System/Library/PrivateFrameworks/Heimdal.framework/Versions/A/Heimdal
0x0000000039cb0000 	/usr/lib/libheimdal-asn1.dylib
0x0000000039cb0000 	/System/Library/Frameworks/OpenDirectory.framework/Versions/A/OpenDirectory
0x0000000039cb0000 	/System/Library/PrivateFrameworks/CommonAuth.framework/Versions/A/CommonAuth
0x0000000039cb0000 	/System/Library/Frameworks/OpenDirectory.framework/Versions/A/Frameworks/CFOpenDirectory.framework/Versions/A/CFOpenDirectory
0x0000000039cb0000 	/System/Library/Frameworks/SecurityFoundation.framework/Versions/A/SecurityFoundation
0x0000000039cb0000 	/System/Library/PrivateFrameworks/LanguageModeling.framework/Versions/A/LanguageModeling
0x0000000039cb0000 	/usr/lib/libmarisa.dylib
0x0000000039cb0000 	/usr/lib/libChineseTokenizer.dylib
0x0000000039cb0000 	/usr/lib/libcmph.dylib
0x0000000039cb0000 	/System/Library/PrivateFrameworks/CoreEmoji.framework/Versions/A/CoreEmoji
0x0000000039cb0000 	/System/Library/Frameworks/ServiceManagement.framework/Versions/A/ServiceManagement
0x0000000039cb0000 	/usr/lib/libxslt.1.dylib
0x0000000039cb0000 	/System/Library/Frameworks/Carbon.framework/Versions/A/Frameworks/Ink.framework/Versions/A/Ink
0x0000000039cb0000 	/System/Library/PrivateFrameworks/TextureIO.framework/Versions/A/TextureIO
0x0000000039cb0000 	/System/Library/Frameworks/Metal.framework/Versions/A/Metal
0x0000000039cb0000 	/usr/lib/libate.dylib
0x0000000039cb0000 	/System/Library/PrivateFrameworks/GPUCompiler.framework/libmetal_timestamp.dylib
0x0000000039cb0000 	/System/Library/Frameworks/OpenGL.framework/Versions/A/Libraries/libCoreFSCache.dylib
0x0000000039cb0000 	/System/Library/PrivateFrameworks/IOAccelerator.framework/Versions/A/IOAccelerator
0x0000000039cb0000 	/System/Library/Frameworks/CoreVideo.framework/Versions/A/CoreVideo
0x0000000039cb0000 	/usr/lib/libFosl_dynamic.dylib
0x0000000039cb0000 	/System/Library/PrivateFrameworks/MetalPerformanceShaders.framework/Versions/A/MetalPerformanceShaders
0x0000000039cb0000 	/System/Library/PrivateFrameworks/FaceCore.framework/Versions/A/FaceCore
0x0000000039cb0000 	/System/Library/Frameworks/OpenCL.framework/Versions/A/OpenCL
0x0000000039cb0000 	/System/Library/Frameworks/OpenGL.framework/Versions/A/Libraries/libGLU.dylib
0x0000000039cb0000 	/System/Library/Frameworks/OpenGL.framework/Versions/A/Libraries/libGFXShared.dylib
0x0000000039cb0000 	/System/Library/Frameworks/OpenGL.framework/Versions/A/Libraries/libGL.dylib
0x0000000039cb0000 	/System/Library/Frameworks/OpenGL.framework/Versions/A/Libraries/libGLImage.dylib
0x0000000039cb0000 	/System/Library/Frameworks/OpenGL.framework/Versions/A/Libraries/libCVMSPluginSupport.dylib
0x0000000039cb0000 	/System/Library/Frameworks/OpenGL.framework/Versions/A/Libraries/libCoreVMClient.dylib
0x0000000039cb0000 	/System/Library/PrivateFrameworks/CrashReporterSupport.framework/Versions/A/CrashReporterSupport
0x0000000039cb0000 	/System/Library/PrivateFrameworks/Sharing.framework/Versions/A/Sharing
0x0000000039cb0000 	/System/Library/PrivateFrameworks/IconServices.framework/Versions/A/IconServices
0x0000000039cb0000 	/System/Library/PrivateFrameworks/ProtocolBuffer.framework/Versions/A/ProtocolBuffer
0x0000000039cb0000 	/System/Library/PrivateFrameworks/Apple80211.framework/Versions/A/Apple80211
0x0000000039cb0000 	/System/Library/Frameworks/CoreWLAN.framework/Versions/A/CoreWLAN
0x0000000039cb0000 	/System/Library/PrivateFrameworks/CoreUtils.framework/Versions/A/CoreUtils
0x0000000039cb0000 	/System/Library/Frameworks/IOBluetooth.framework/Versions/A/IOBluetooth
0x0000000039cb0000 	/System/Library/PrivateFrameworks/CoreWiFi.framework/Versions/A/CoreWiFi
0x0000000039cb0000 	/System/Library/Frameworks/CoreBluetooth.framework/Versions/A/CoreBluetooth
0x0000000039cb0000 	/System/Library/Frameworks/CoreDisplay.framework/Versions/A/CoreDisplay
0x0000000039cb0000 	/System/Library/PrivateFrameworks/IOPresentment.framework/Versions/A/IOPresentment
0x0000000039cb0000 	/System/Library/PrivateFrameworks/DSExternalDisplay.framework/Versions/A/DSExternalDisplay
0x0000000039cb0000 	/System/Library/PrivateFrameworks/DebugSymbols.framework/Versions/A/DebugSymbols
0x0000000039cb0000 	/System/Library/PrivateFrameworks/CoreSymbolication.framework/Versions/A/CoreSymbolication
0x0000000039cb0000 	/System/Library/PrivateFrameworks/Symbolication.framework/Versions/A/Symbolication
0x0000000039cb0000 	/System/Library/PrivateFrameworks/AppleFSCompression.framework/Versions/A/AppleFSCompression
0x0000000039cb0000 	/System/Library/PrivateFrameworks/SpeechRecognitionCore.framework/Versions/A/SpeechRecognitionCore
0x0000000039cb0000 	/System/Library/PrivateFrameworks/ChunkingLibrary.framework/Versions/A/ChunkingLibrary
0x000000010e200000 	/Library/Java/JavaVirtualMachines/jdk1.8.0_65.jdk/Contents/Home/jre/lib/server/libjvm.dylib
0x0000000039cb0000 	/usr/lib/libstdc++.6.dylib
0x000000010d987000 	/Library/Java/JavaVirtualMachines/jdk1.8.0_65.jdk/Contents/Home/jre/lib/libverify.dylib
0x000000010d995000 	/Library/Java/JavaVirtualMachines/jdk1.8.0_65.jdk/Contents/Home/jre/lib/libjava.dylib
0x000000010f189000 	/Library/Java/JavaVirtualMachines/jdk1.8.0_65.jdk/Contents/Home/jre/lib/libjdwp.dylib
0x000000010d9cb000 	/Library/Java/JavaVirtualMachines/jdk1.8.0_65.jdk/Contents/Home/jre/lib/libnpt.dylib
0x000000010d9d8000 	/Library/Java/JavaVirtualMachines/jdk1.8.0_65.jdk/Contents/Home/jre/lib/libzip.dylib
0x000000010d9e2000 	/System/Library/Frameworks/JavaVM.framework/Frameworks/JavaRuntimeSupport.framework/JavaRuntimeSupport
0x0000000111636000 	/System/Library/Frameworks/JavaVM.framework/Versions/A/Frameworks/JavaNativeFoundation.framework/Versions/A/JavaNativeFoundation
0x000000011164b000 	/System/Library/Frameworks/JavaVM.framework/Versions/A/JavaVM
0x0000000039cb0000 	/System/Library/Frameworks/Carbon.framework/Versions/A/Carbon
0x0000000111658000 	/System/Library/PrivateFrameworks/JavaLaunching.framework/Versions/A/JavaLaunching
0x0000000039cb0000 	/System/Library/Frameworks/Carbon.framework/Versions/A/Frameworks/CommonPanels.framework/Versions/A/CommonPanels
0x0000000039cb0000 	/System/Library/Frameworks/Carbon.framework/Versions/A/Frameworks/Help.framework/Versions/A/Help
0x0000000039cb0000 	/System/Library/Frameworks/Carbon.framework/Versions/A/Frameworks/ImageCapture.framework/Versions/A/ImageCapture
0x0000000039cb0000 	/System/Library/Frameworks/Carbon.framework/Versions/A/Frameworks/OpenScripting.framework/Versions/A/OpenScripting
0x0000000039cb0000 	/System/Library/Frameworks/Carbon.framework/Versions/A/Frameworks/Print.framework/Versions/A/Print
0x0000000039cb0000 	/System/Library/Frameworks/Carbon.framework/Versions/A/Frameworks/SecurityHI.framework/Versions/A/SecurityHI
0x00000001116a8000 	/Library/Java/JavaVirtualMachines/jdk1.8.0_65.jdk/Contents/Home/jre/lib/libdt_socket.dylib

VM Arguments:
jvm_args: -agentlib:jdwp=transport=dt_socket,suspend=y,address=localhost:62387 -Dfile.encoding=UTF-8 
java_command: game.GameState
java_class_path (initial): /Users/esorey/code/ThirteensGame/bin:/Users/esorey/.p2/pool/plugins/org.junit_4.12.0.v201504281640/junit.jar:/Users/esorey/.p2/pool/plugins/org.hamcrest.core_1.3.0.v201303031735.jar:/Users/esorey/Downloads/google-guava.jar
Launcher Type: SUN_STANDARD

Environment Variables:
PATH=/usr/bin:/bin:/usr/sbin:/sbin
SHELL=/bin/zsh

Signal Handlers:
SIGSEGV: [libjvm.dylib+0x5a6d31], sa_mask[0]=11111111011111110111111111111111, sa_flags=SA_ONSTACK|SA_RESTART|SA_SIGINFO
SIGBUS: [libjvm.dylib+0x5a6d31], sa_mask[0]=11111111011111110111111111111111, sa_flags=SA_RESTART|SA_SIGINFO
SIGFPE: [libjvm.dylib+0x480a40], sa_mask[0]=11111111011111110111111111111111, sa_flags=SA_RESTART|SA_SIGINFO
SIGPIPE: [libjvm.dylib+0x480a40], sa_mask[0]=11111111011111110111111111111111, sa_flags=SA_RESTART|SA_SIGINFO
SIGXFSZ: [libjvm.dylib+0x480a40], sa_mask[0]=11111111011111110111111111111111, sa_flags=SA_RESTART|SA_SIGINFO
SIGILL: [libjvm.dylib+0x480a40], sa_mask[0]=11111111011111110111111111111111, sa_flags=SA_RESTART|SA_SIGINFO
SIGUSR1: SIG_DFL, sa_mask[0]=00000000000000000000000000000000, sa_flags=none
SIGUSR2: [libjvm.dylib+0x48055e], sa_mask[0]=00100000000000000000000000000000, sa_flags=SA_RESTART|SA_SIGINFO
SIGHUP: [libjvm.dylib+0x47eb35], sa_mask[0]=11111111011111110111111111111111, sa_flags=SA_RESTART|SA_SIGINFO
SIGINT: [libjvm.dylib+0x47eb35], sa_mask[0]=11111111011111110111111111111111, sa_flags=SA_RESTART|SA_SIGINFO
SIGTERM: [libjvm.dylib+0x47eb35], sa_mask[0]=11111111011111110111111111111111, sa_flags=SA_RESTART|SA_SIGINFO
SIGQUIT: [libjvm.dylib+0x47eb35], sa_mask[0]=11111111011111110111111111111111, sa_flags=SA_RESTART|SA_SIGINFO


---------------  S Y S T E M  ---------------

OS:Bsduname:Darwin 16.5.0 Darwin Kernel Version 16.5.0: Fri Mar  3 16:52:33 PST 2017; root:xnu-3789.51.2~3/RELEASE_X86_64 x86_64
rlimit: STACK 8192k, CORE 0k, NPROC 709, NOFILE 10240, AS infinity
load average:1.23 1.35 1.51

CPU:total 4 (2 cores per cpu, 2 threads per core) family 6 model 61 stepping 4, cmov, cx8, fxsr, mmx, sse, sse2, sse3, ssse3, sse4.1, sse4.2, popcnt, avx, avx2, aes, clmul, erms, 3dnowpref, lzcnt, ht, tsc, tscinvbit, bmi1, bmi2, adx

Memory: 4k page, physical 8388608k(1141068k free)

/proc/meminfo:


vm_info: Java HotSpot(TM) 64-Bit Server VM (25.65-b01) for bsd-amd64 JRE (1.8.0_65-b17), built on Oct  6 2015 15:36:46 by "java_re" with gcc 4.2.1 (Based on Apple Inc. build 5658) (LLVM build 2336.11.00)

time: Fri Jul 21 14:48:35 2017
elapsed time: 215 seconds (0d 0h 3m 35s)

